<?xml version="1.0" encoding="UTF-8"?>
<!-- Generated by org.testng.reporters.JUnitReportReporter -->
<testsuite hostname="PDAS" failures="0" tests="3" name="TestNgDemo.Datauslslpro" time="0.020" errors="0" timestamp="2024-12-05T19:53:44 IST" skipped="0">
  <testcase classname="TestNgDemo.Datauslslpro" name="sum" time="0.014"/>
  <testcase classname="TestNgDemo.Datauslslpro" name="sum" time="0.005"/>
  <testcase classname="TestNgDemo.Datauslslpro" name="sum" time="0.001"/>
</testsuite> <!-- TestNgDemo.Datauslslpro -->
