<?xml version="1.0" encoding="UTF-8"?>
<!-- Generated by org.testng.reporters.JUnitReportReporter -->
<testsuite hostname="PDAS" failures="0" tests="1" name="jSKSDK" time="12.396" errors="0" timestamp="2024-11-11T21:00:51 IST" skipped="0">
  <testcase classname="jSKSDK" name="setUp" time="12.396"/>
</testsuite> <!-- jSKSDK -->
