<?xml version="1.0" encoding="UTF-8"?>
<!-- Generated by org.testng.reporters.JUnitReportReporter -->
<testsuite hostname="PDAS" failures="0" tests="1" name="loginHrm" time="40.258" errors="0" timestamp="2025-01-17T19:42:54 IST" skipped="0">
  <testcase classname="loginHrm" name="setUp" time="40.258"/>
</testsuite> <!-- loginHrm -->
