<?xml version="1.0" encoding="UTF-8"?>
<!-- Generated by org.testng.reporters.JUnitReportReporter -->
<testsuite hostname="PDAS" failures="0" tests="3" name="TestNgDemo.DataProviderExamp" time="0.017" errors="0" timestamp="2024-12-05T20:01:12 IST" skipped="0">
  <testcase classname="TestNgDemo.DataProviderExamp" name="sum" time="0.012"/>
  <testcase classname="TestNgDemo.DataProviderExamp" name="sum" time="0.003"/>
  <testcase classname="TestNgDemo.DataProviderExamp" name="sum" time="0.002"/>
</testsuite> <!-- TestNgDemo.DataProviderExamp -->
