<?xml version="1.0" encoding="UTF-8"?>
<!-- Generated by org.testng.reporters.JUnitReportReporter -->
<testsuite hostname="PDAS" failures="0" tests="1" name="selenium4.ScrollHorizontal" time="11.929" errors="0" timestamp="2024-12-03T13:04:14 IST" skipped="0">
  <testcase classname="selenium4.ScrollHorizontal" name="name" time="11.929"/>
</testsuite> <!-- selenium4.ScrollHorizontal -->
