<?xml version="1.0" encoding="UTF-8"?>
<!-- Generated by org.testng.reporters.JUnitReportReporter -->
<testsuite hostname="PDAS" failures="0" tests="1" name="com.selenium.ColorsVerify" time="7.355" errors="0" timestamp="2024-11-13T15:37:00 IST" skipped="0">
  <testcase classname="com.selenium.ColorsVerify" name="setUp" time="7.355"/>
</testsuite> <!-- com.selenium.ColorsVerify -->
