<?xml version="1.0" encoding="UTF-8"?>
<!-- Generated by org.testng.reporters.JUnitReportReporter -->
<testsuite hostname="PDAS" failures="0" tests="1" name="TakeScreenshirotexamp" time="10.548" errors="0" timestamp="2024-11-28T20:02:52 IST" skipped="0">
  <testcase classname="TakeScreenshirotexamp" name="setUp" time="10.548"/>
</testsuite> <!-- TakeScreenshirotexamp -->
