<?xml version="1.0" encoding="UTF-8"?>
<!-- Generated by org.testng.reporters.JUnitReportReporter -->
<testsuite hostname="PDAS" failures="0" tests="1" name="OrangeHRM" time="8.896" errors="0" timestamp="2025-01-17T21:28:17 IST" skipped="0">
  <testcase classname="OrangeHRM" name="setUp" time="8.896"/>
</testsuite> <!-- OrangeHRM -->
