<?xml version="1.0" encoding="UTF-8"?>
<!-- Generated by org.testng.reporters.JUnitReportReporter -->
<testsuite hostname="PDAS" failures="0" tests="1" name="com.selenium.ScrollHorizontal" time="8.655" errors="0" timestamp="2024-11-23T19:41:01 IST" skipped="0">
  <testcase classname="com.selenium.ScrollHorizontal" name="name" time="8.655"/>
</testsuite> <!-- com.selenium.ScrollHorizontal -->
