<?xml version="1.0" encoding="UTF-8"?>
<!-- Generated by org.testng.reporters.JUnitReportReporter -->
<testsuite hostname="PDAS" failures="0" tests="1" name="Cookies" time="0.019" errors="0" timestamp="2025-01-20T14:32:21 IST" skipped="0">
  <testcase classname="Cookies" name="verify" time="0.019"/>
</testsuite> <!-- Cookies -->
