<?xml version="1.0" encoding="UTF-8"?>
<!-- Generated by org.testng.reporters.JUnitReportReporter -->
<testsuite hostname="PDAS" failures="0" tests="1" name="com.selenium.scrool" time="8.980" errors="0" timestamp="2024-11-23T19:23:10 IST" skipped="0">
  <testcase classname="com.selenium.scrool" name="name" time="8.980"/>
</testsuite> <!-- com.selenium.scrool -->
