<?xml version="1.0" encoding="UTF-8"?>
<!-- Generated by org.testng.reporters.JUnitReportReporter -->
<testsuite hostname="PDAS" failures="0" tests="1" name="Login" time="0.453" errors="0" timestamp="2024-11-12T08:37:24 IST" skipped="0">
  <testcase classname="Login" name="verify" time="0.453"/>
</testsuite> <!-- Login -->
