<?xml version="1.0" encoding="UTF-8"?>
<!-- Generated by org.testng.reporters.JUnitReportReporter -->
<testsuite hostname="PDAS" failures="0" tests="1" name="PostMethod" time="2.271" errors="0" timestamp="14 Nov 2024 13:50:51 GMT" skipped="0">
  <testcase classname="PostMethod" name="getRequest" time="2.271"/>
</testsuite> <!-- PostMethod -->
