<?xml version="1.0" encoding="UTF-8"?>
<!-- Generated by org.testng.reporters.JUnitReportReporter -->
<testsuite hostname="PDAS" failures="0" tests="3" name="Post" time="2.366" errors="0" timestamp="11 Jan 2025 04:12:41 GMT" skipped="2">
  <testcase classname="Post" name="deleteMethod" time="2.366"/>
  <testcase classname="Post" name="test03">
    <skipped/>
  </testcase> <!-- test03 -->
  <testcase classname="Post" name="patchMethod">
    <skipped/>
  </testcase> <!-- patchMethod -->
</testsuite> <!-- Post -->
