<?xml version="1.0" encoding="UTF-8"?>
<!-- Generated by org.testng.reporters.JUnitReportReporter -->
<testsuite hostname="PDAS" failures="0" tests="1" name="com.restAssureddemo.ValidateJson" time="3.331" errors="0" timestamp="30 Nov 2024 14:49:32 GMT" skipped="0">
  <testcase classname="com.restAssureddemo.ValidateJson" name="getPost" time="3.331"/>
</testsuite> <!-- com.restAssureddemo.ValidateJson -->
